<?xml version="1.0" encoding="UTF-8"?>
<testsuite xmlns:xsi="http://www.w3.org/2001/XMLSchema-instance" xsi:noNamespaceSchemaLocation="https://maven.apache.org/surefire/maven-surefire-plugin/xsd/surefire-test-report-3.0.xsd" version="3.0" name="com.yash.SpringRestRailTicketApplicationTests" time="4.372" tests="1" errors="0" skipped="0" failures="0">
  <properties>
[...]
</properties>
  <testcase name="contextLoads" classname="com.yash.SpringRestRailTicketApplicationTests" time="1.122">
    <system-out><![CDATA[01:41:57.121 [main] INFO org.springframework.test.context.support.AnnotationConfigContextLoaderUtils -- Could not detect default configuration classes for test class [com.yash.SpringRestRailTicketApplicationTests]: SpringRestRailTicketApplicationTests does not declare any static, non-private, non-final, nested classes annotated with @Configuration.
01:41:57.274 [main] INFO org.springframework.boot.test.context.SpringBootTestContextBootstrapper -- Found @SpringBootConfiguration com.yash.SpringRestRailTicketApplication for test class com.yash.SpringRestRailTicketApplicationTests
01:41:57.581 [main] INFO org.springframework.boot.devtools.restart.RestartApplicationListener -- Restart disabled due to context in which it is running

  .   ____          _            __ _ _
 /\\ / ___'_ __ _ _(_)_ __  __ _ \ \ \ \
( ( )\___ | '_ | '_| | '_ \/ _` | \ \ \ \
 \\/  ___)| |_)| | | | | || (_| |  ) ) ) )
  '  |____| .__|_| |_|_| |_\__, | / / / /
 =========|_|==============|___/=/_/_/_/

 :: Spring Boot ::                (v3.3.3)

2024-09-16T01:41:57.927+05:30  INFO 12716 --- [SpringRest-RailTicket] [           main] c.y.SpringRestRailTicketApplicationTests : Starting SpringRestRailTicketApplicationTests using Java 17.0.12 with PID 12716 (started by LENOVO in D:\Java_Development_Folder\SpringRest-RailTicket)
2024-09-16T01:41:57.929+05:30  INFO 12716 --- [SpringRest-RailTicket] [           main] c.y.SpringRestRailTicketApplicationTests : No active profile set, falling back to 1 default profile: "default"
2024-09-16T01:42:00.098+05:30  INFO 12716 --- [SpringRest-RailTicket] [           main] c.y.SpringRestRailTicketApplicationTests : Started SpringRestRailTicketApplicationTests in 2.536 seconds (process running for 4.55)
]]></system-out>
  </testcase>
</testsuite>